<?xml version="1.0" encoding="UTF-8"?>
<!-- Generated by org.testng.reporters.JUnitReportReporter -->
<testsuite skipped="0" hostname="DESKTOP-41B993L" name="SP1.selenium08082021.NewTest" tests="2" failures="0" timestamp="07 Aug 2021 07:17:29 GMT" time="26.733" errors="0">
  <testcase name="MyTest1" time="21.868" classname="SP1.selenium08082021.NewTest"/>
  <testcase name="MyTest2" time="4.865" classname="SP1.selenium08082021.NewTest"/>
</testsuite> <!-- SP1.selenium08082021.NewTest -->
